{"@timestamp":"2021-03-20T14:13:39.988-05:00","@version":"1","message":"Starting MovieApplication using Java 1.8.0_05 on r2d2.home with PID 42407 (/Users/arvinddhiman/Apps/opensource/auditlogger/target/classes started by arvinddhiman in /Users/arvinddhiman/Apps/opensource/auditlogger)","logger_name":"org.example.audit.MovieApplication","thread_name":"main","level":"INFO","level_value":20000,"env":"prod"}
{"@timestamp":"2021-03-20T14:13:40.007-05:00","@version":"1","message":"No active profile set, falling back to default profiles: default","logger_name":"org.example.audit.MovieApplication","thread_name":"main","level":"INFO","level_value":20000,"env":"prod"}
{"@timestamp":"2021-03-20T14:13:41.070-05:00","@version":"1","message":"Bootstrapping Spring Data JPA repositories in DEFAULT mode.","logger_name":"org.springframework.data.repository.config.RepositoryConfigurationDelegate","thread_name":"main","level":"INFO","level_value":20000,"env":"prod"}
{"@timestamp":"2021-03-20T14:13:41.135-05:00","@version":"1","message":"Finished Spring Data repository scanning in 55 ms. Found 1 JPA repository interfaces.","logger_name":"org.springframework.data.repository.config.RepositoryConfigurationDelegate","thread_name":"main","level":"INFO","level_value":20000,"env":"prod"}
{"@timestamp":"2021-03-20T14:13:42.438-05:00","@version":"1","message":"Tomcat initialized with port(s): 8080 (http)","logger_name":"org.springframework.boot.web.embedded.tomcat.TomcatWebServer","thread_name":"main","level":"INFO","level_value":20000,"env":"prod"}
{"@timestamp":"2021-03-20T14:13:42.458-05:00","@version":"1","message":"Initializing ProtocolHandler [\"http-nio-8080\"]","logger_name":"org.apache.coyote.http11.Http11NioProtocol","thread_name":"main","level":"INFO","level_value":20000,"env":"prod"}
{"@timestamp":"2021-03-20T14:13:42.460-05:00","@version":"1","message":"Starting service [Tomcat]","logger_name":"org.apache.catalina.core.StandardService","thread_name":"main","level":"INFO","level_value":20000,"env":"prod"}
{"@timestamp":"2021-03-20T14:13:42.461-05:00","@version":"1","message":"Starting Servlet engine: [Apache Tomcat/9.0.44]","logger_name":"org.apache.catalina.core.StandardEngine","thread_name":"main","level":"INFO","level_value":20000,"env":"prod"}
{"@timestamp":"2021-03-20T14:13:42.626-05:00","@version":"1","message":"Initializing Spring embedded WebApplicationContext","logger_name":"org.apache.catalina.core.ContainerBase.[Tomcat].[localhost].[/]","thread_name":"main","level":"INFO","level_value":20000,"env":"prod"}
{"@timestamp":"2021-03-20T14:13:42.627-05:00","@version":"1","message":"Root WebApplicationContext: initialization completed in 2504 ms","logger_name":"org.springframework.boot.web.servlet.context.ServletWebServerApplicationContext","thread_name":"main","level":"INFO","level_value":20000,"env":"prod"}
{"@timestamp":"2021-03-20T14:13:43.004-05:00","@version":"1","message":"HikariPool-1 - Starting...","logger_name":"com.zaxxer.hikari.HikariDataSource","thread_name":"main","level":"INFO","level_value":20000,"env":"prod"}
{"@timestamp":"2021-03-20T14:13:43.343-05:00","@version":"1","message":"HikariPool-1 - Start completed.","logger_name":"com.zaxxer.hikari.HikariDataSource","thread_name":"main","level":"INFO","level_value":20000,"env":"prod"}
{"@timestamp":"2021-03-20T14:13:43.455-05:00","@version":"1","message":"HHH000204: Processing PersistenceUnitInfo [name: default]","logger_name":"org.hibernate.jpa.internal.util.LogHelper","thread_name":"main","level":"INFO","level_value":20000,"env":"prod"}
{"@timestamp":"2021-03-20T14:13:43.683-05:00","@version":"1","message":"HHH000412: Hibernate ORM core version 5.4.29.Final","logger_name":"org.hibernate.Version","thread_name":"main","level":"INFO","level_value":20000,"env":"prod"}
{"@timestamp":"2021-03-20T14:13:43.908-05:00","@version":"1","message":"HCANN000001: Hibernate Commons Annotations {5.1.2.Final}","logger_name":"org.hibernate.annotations.common.Version","thread_name":"main","level":"INFO","level_value":20000,"env":"prod"}
{"@timestamp":"2021-03-20T14:13:44.114-05:00","@version":"1","message":"HHH000400: Using dialect: org.hibernate.dialect.H2Dialect","logger_name":"org.hibernate.dialect.Dialect","thread_name":"main","level":"INFO","level_value":20000,"env":"prod"}
{"@timestamp":"2021-03-20T14:13:44.991-05:00","@version":"1","message":"HHH000490: Using JtaPlatform implementation: [org.hibernate.engine.transaction.jta.platform.internal.NoJtaPlatform]","logger_name":"org.hibernate.engine.transaction.jta.platform.internal.JtaPlatformInitiator","thread_name":"main","level":"INFO","level_value":20000,"env":"prod"}
{"@timestamp":"2021-03-20T14:13:45.000-05:00","@version":"1","message":"Initialized JPA EntityManagerFactory for persistence unit 'default'","logger_name":"org.springframework.orm.jpa.LocalContainerEntityManagerFactoryBean","thread_name":"main","level":"INFO","level_value":20000,"env":"prod"}
{"@timestamp":"2021-03-20T14:13:45.127-05:00","@version":"1","message":"spring.jpa.open-in-view is enabled by default. Therefore, database queries may be performed during view rendering. Explicitly configure spring.jpa.open-in-view to disable this warning","logger_name":"org.springframework.boot.autoconfigure.orm.jpa.JpaBaseConfiguration$JpaWebConfiguration","thread_name":"main","level":"WARN","level_value":30000,"env":"prod"}
{"@timestamp":"2021-03-20T14:13:46.295-05:00","@version":"1","message":"Initializing ExecutorService 'applicationTaskExecutor'","logger_name":"org.springframework.scheduling.concurrent.ThreadPoolTaskExecutor","thread_name":"main","level":"INFO","level_value":20000,"env":"prod"}
{"@timestamp":"2021-03-20T14:13:47.036-05:00","@version":"1","message":"Starting ProtocolHandler [\"http-nio-8080\"]","logger_name":"org.apache.coyote.http11.Http11NioProtocol","thread_name":"main","level":"INFO","level_value":20000,"env":"prod"}
{"@timestamp":"2021-03-20T14:13:47.074-05:00","@version":"1","message":"Tomcat started on port(s): 8080 (http) with context path ''","logger_name":"org.springframework.boot.web.embedded.tomcat.TomcatWebServer","thread_name":"main","level":"INFO","level_value":20000,"env":"prod"}
{"@timestamp":"2021-03-20T14:13:47.089-05:00","@version":"1","message":"Started MovieApplication in 8.532 seconds (JVM running for 9.506)","logger_name":"org.example.audit.MovieApplication","thread_name":"main","level":"INFO","level_value":20000,"env":"prod"}
{"@timestamp":"2021-03-20T14:14:00.329-05:00","@version":"1","message":"Initializing Spring DispatcherServlet 'dispatcherServlet'","logger_name":"org.apache.catalina.core.ContainerBase.[Tomcat].[localhost].[/]","thread_name":"http-nio-8080-exec-2","level":"INFO","level_value":20000,"env":"prod"}
{"@timestamp":"2021-03-20T14:14:00.332-05:00","@version":"1","message":"Initializing Servlet 'dispatcherServlet'","logger_name":"org.springframework.web.servlet.DispatcherServlet","thread_name":"http-nio-8080-exec-2","level":"INFO","level_value":20000,"env":"prod"}
{"@timestamp":"2021-03-20T14:14:00.335-05:00","@version":"1","message":"Completed initialization in 2 ms","logger_name":"org.springframework.web.servlet.DispatcherServlet","thread_name":"http-nio-8080-exec-2","level":"INFO","level_value":20000,"env":"prod"}
{"@timestamp":"2021-03-20T14:14:33.292-05:00","@version":"1","message":"Shutting down ExecutorService 'applicationTaskExecutor'","logger_name":"org.springframework.scheduling.concurrent.ThreadPoolTaskExecutor","thread_name":"SpringContextShutdownHook","level":"INFO","level_value":20000,"env":"prod"}
{"@timestamp":"2021-03-20T14:14:33.299-05:00","@version":"1","message":"Closing JPA EntityManagerFactory for persistence unit 'default'","logger_name":"org.springframework.orm.jpa.LocalContainerEntityManagerFactoryBean","thread_name":"SpringContextShutdownHook","level":"INFO","level_value":20000,"env":"prod"}
{"@timestamp":"2021-03-20T14:14:33.301-05:00","@version":"1","message":"HHH000477: Starting delayed evictData of schema as part of SessionFactory shut-down'","logger_name":"org.hibernate.tool.schema.internal.SchemaDropperImpl$DelayedDropActionImpl","thread_name":"SpringContextShutdownHook","level":"INFO","level_value":20000,"env":"prod"}
{"@timestamp":"2021-03-20T14:14:33.313-05:00","@version":"1","message":"HikariPool-1 - Shutdown initiated...","logger_name":"com.zaxxer.hikari.HikariDataSource","thread_name":"SpringContextShutdownHook","level":"INFO","level_value":20000,"env":"prod"}
{"@timestamp":"2021-03-20T14:14:33.317-05:00","@version":"1","message":"HikariPool-1 - Shutdown completed.","logger_name":"com.zaxxer.hikari.HikariDataSource","thread_name":"SpringContextShutdownHook","level":"INFO","level_value":20000,"env":"prod"}
